<?xml version="1.0" encoding="UTF-8"?>
<!-- Generated by org.testng.reporters.JUnitXMLReporter -->
<testsuite ignored="0" hostname="LAPTOP-T196F861" failures="0" tests="3" name="Default test" time="20.11" errors="0" timestamp="2023-02-19T16:26:05 IST">
  <testcase classname="week2day1.CreateLead" name="CreateLead" time="4.014"/>
  <testcase classname="week2day1.CreateLead" name="CreateLead" time="3.981"/>
  <testcase classname="week2day1.CreateLead" name="CreateLead" time="4.707"/>
</testsuite> <!-- Default test -->
