<?xml version="1.0" encoding="UTF-8"?>
<testng-results ignored="0" total="5" passed="4" failed="1" skipped="0">
  <reporter-output>
  </reporter-output>
  <suite started-at="2023-02-23T01:02:31 IST" name="ParallelSuite" finished-at="2023-02-23T01:02:49 IST" duration-ms="18821">
    <groups>
    </groups>
    <test started-at="2023-02-23T01:02:31 IST" name="ParallelTest" finished-at="2023-02-23T01:02:49 IST" duration-ms="18821">
      <class name="week2day1.SeleniumSetup">
        <test-method signature="main()[pri:0, instance:week2day1.SeleniumSetup@353352b6]" started-at="2023-02-23T01:02:31 IST" name="main" finished-at="2023-02-23T01:02:39 IST" duration-ms="8166" status="FAIL">
          <exception class="org.openqa.selenium.InvalidSelectorException">
            <message>
              <![CDATA[invalid selector: Unable to locate an element with the xpath expression //input[contain@id,'createLeadForm_companyName'] because of the following error:
SyntaxError: Failed to execute 'evaluate' on 'Document': The string '//input[contain@id,'createLeadForm_companyName']' is not a valid XPath expression.
  (Session info: chrome=110.0.5481.104)
For documentation on this error, please visit: https://selenium.dev/exceptions/#invalid_selector_exception
Build info: version: '4.3.0', revision: 'a4995e2c09*'
System info: host: 'LAPTOP-T196F861', ip: '192.168.1.114', os.name: 'Windows 10', os.arch: 'amd64', os.version: '10.0', java.version: '16.0.2'
Driver info: org.openqa.selenium.chrome.ChromeDriver
Command: [2e9a3b955e4818867e3101d8f8427cf2, findElement {using=xpath, value=//input[contain@id,'createLeadForm_companyName']}]
Capabilities {acceptInsecureCerts: false, browserName: chrome, browserVersion: 110.0.5481.104, chrome: {chromedriverVersion: 110.0.5481.77 (65ed616c6e8e..., userDataDir: C:\Users\VIKASC~1\AppData\L...}, goog:chromeOptions: {debuggerAddress: localhost:49759}, networkConnectionEnabled: false, pageLoadStrategy: normal, platformName: WINDOWS, proxy: Proxy(), se:cdp: ws://localhost:49759/devtoo..., se:cdpVersion: 110.0.5481.104, setWindowRect: true, strictFileInteractability: false, timeouts: {implicit: 0, pageLoad: 300000, script: 30000}, unhandledPromptBehavior: dismiss and notify, webauthn:extension:credBlob: true, webauthn:extension:largeBlob: true, webauthn:virtualAuthenticators: true}
Session ID: 2e9a3b955e4818867e3101d8f8427cf2]]>
            </message>
            <full-stacktrace>
              <![CDATA[org.openqa.selenium.InvalidSelectorException: invalid selector: Unable to locate an element with the xpath expression //input[contain@id,'createLeadForm_companyName'] because of the following error:
SyntaxError: Failed to execute 'evaluate' on 'Document': The string '//input[contain@id,'createLeadForm_companyName']' is not a valid XPath expression.
  (Session info: chrome=110.0.5481.104)
For documentation on this error, please visit: https://selenium.dev/exceptions/#invalid_selector_exception
Build info: version: '4.3.0', revision: 'a4995e2c09*'
System info: host: 'LAPTOP-T196F861', ip: '192.168.1.114', os.name: 'Windows 10', os.arch: 'amd64', os.version: '10.0', java.version: '16.0.2'
Driver info: org.openqa.selenium.chrome.ChromeDriver
Command: [2e9a3b955e4818867e3101d8f8427cf2, findElement {using=xpath, value=//input[contain@id,'createLeadForm_companyName']}]
Capabilities {acceptInsecureCerts: false, browserName: chrome, browserVersion: 110.0.5481.104, chrome: {chromedriverVersion: 110.0.5481.77 (65ed616c6e8e..., userDataDir: C:\Users\VIKASC~1\AppData\L...}, goog:chromeOptions: {debuggerAddress: localhost:49759}, networkConnectionEnabled: false, pageLoadStrategy: normal, platformName: WINDOWS, proxy: Proxy(), se:cdp: ws://localhost:49759/devtoo..., se:cdpVersion: 110.0.5481.104, setWindowRect: true, strictFileInteractability: false, timeouts: {implicit: 0, pageLoad: 300000, script: 30000}, unhandledPromptBehavior: dismiss and notify, webauthn:extension:credBlob: true, webauthn:extension:largeBlob: true, webauthn:virtualAuthenticators: true}
Session ID: 2e9a3b955e4818867e3101d8f8427cf2
at java.base/jdk.internal.reflect.NativeConstructorAccessorImpl.newInstance0(Native Method)
at java.base/jdk.internal.reflect.NativeConstructorAccessorImpl.newInstance(NativeConstructorAccessorImpl.java:78)
at java.base/jdk.internal.reflect.DelegatingConstructorAccessorImpl.newInstance(DelegatingConstructorAccessorImpl.java:45)
at java.base/java.lang.reflect.Constructor.newInstanceWithCaller(Constructor.java:499)
at java.base/java.lang.reflect.Constructor.newInstance(Constructor.java:480)
at org.openqa.selenium.remote.codec.w3c.W3CHttpResponseCodec.createException(W3CHttpResponseCodec.java:200)
at org.openqa.selenium.remote.codec.w3c.W3CHttpResponseCodec.decode(W3CHttpResponseCodec.java:133)
at org.openqa.selenium.remote.codec.w3c.W3CHttpResponseCodec.decode(W3CHttpResponseCodec.java:53)
at org.openqa.selenium.remote.HttpCommandExecutor.execute(HttpCommandExecutor.java:184)
at org.openqa.selenium.remote.service.DriverCommandExecutor.invokeExecute(DriverCommandExecutor.java:167)
at org.openqa.selenium.remote.service.DriverCommandExecutor.execute(DriverCommandExecutor.java:142)
at org.openqa.selenium.remote.RemoteWebDriver.execute(RemoteWebDriver.java:569)
at org.openqa.selenium.remote.ElementLocation$ElementFinder$2.findElement(ElementLocation.java:162)
at org.openqa.selenium.remote.ElementLocation.findElement(ElementLocation.java:60)
at org.openqa.selenium.remote.RemoteWebDriver.findElement(RemoteWebDriver.java:387)
at org.openqa.selenium.remote.RemoteWebDriver.findElement(RemoteWebDriver.java:379)
at week2day1.SeleniumSetup.main(SeleniumSetup.java:48)
at java.base/jdk.internal.reflect.NativeMethodAccessorImpl.invoke0(Native Method)
at java.base/jdk.internal.reflect.NativeMethodAccessorImpl.invoke(NativeMethodAccessorImpl.java:78)
at java.base/jdk.internal.reflect.DelegatingMethodAccessorImpl.invoke(DelegatingMethodAccessorImpl.java:43)
at java.base/java.lang.reflect.Method.invoke(Method.java:567)
at org.testng.internal.invokers.MethodInvocationHelper.invokeMethod(MethodInvocationHelper.java:139)
at org.testng.internal.invokers.TestInvoker.invokeMethod(TestInvoker.java:677)
at org.testng.internal.invokers.TestInvoker.invokeTestMethod(TestInvoker.java:221)
at org.testng.internal.invokers.MethodRunner.runInSequence(MethodRunner.java:50)
at org.testng.internal.invokers.TestInvoker$MethodInvocationAgent.invoke(TestInvoker.java:962)
at org.testng.internal.invokers.TestInvoker.invokeTestMethods(TestInvoker.java:194)
at org.testng.internal.invokers.TestMethodWorker.invokeTestMethods(TestMethodWorker.java:148)
at org.testng.internal.invokers.TestMethodWorker.run(TestMethodWorker.java:128)
at java.base/java.util.concurrent.ThreadPoolExecutor.runWorker(ThreadPoolExecutor.java:1130)
at java.base/java.util.concurrent.ThreadPoolExecutor$Worker.run(ThreadPoolExecutor.java:630)
at java.base/java.lang.Thread.run(Thread.java:831)
]]>
            </full-stacktrace>
          </exception> <!-- org.openqa.selenium.InvalidSelectorException -->
          <reporter-output>
          </reporter-output>
        </test-method> <!-- main -->
      </class> <!-- week2day1.SeleniumSetup -->
      <class name="week2day1.DeleteLead">
        <test-method is-config="true" signature="launchURL()[pri:0, instance:week2day1.DeleteLead@4681c175]" started-at="2023-02-23T01:02:31 IST" name="launchURL" finished-at="2023-02-23T01:02:35 IST" duration-ms="4293" status="PASS">
          <reporter-output>
          </reporter-output>
        </test-method> <!-- launchURL -->
        <test-method signature="main()[pri:0, instance:week2day1.DeleteLead@4681c175]" started-at="2023-02-23T01:02:35 IST" name="main" finished-at="2023-02-23T01:02:43 IST" duration-ms="8263" status="PASS">
          <reporter-output>
          </reporter-output>
        </test-method> <!-- main -->
        <test-method is-config="true" signature="closeBrowser()[pri:0, instance:week2day1.DeleteLead@4681c175]" started-at="2023-02-23T01:02:43 IST" name="closeBrowser" finished-at="2023-02-23T01:02:43 IST" duration-ms="137" status="PASS">
          <reporter-output>
          </reporter-output>
        </test-method> <!-- closeBrowser -->
      </class> <!-- week2day1.DeleteLead -->
      <class name="week2day1.CreateLead">
        <test-method is-config="true" signature="launchURL()[pri:0, instance:week2day1.CreateLead@58cbafc2]" started-at="2023-02-23T01:02:31 IST" name="launchURL" finished-at="2023-02-23T01:02:35 IST" duration-ms="4162" status="PASS">
          <reporter-output>
          </reporter-output>
        </test-method> <!-- launchURL -->
        <test-method signature="CreateLead(java.lang.String,java.lang.String,java.lang.String)[pri:0, instance:week2day1.CreateLead@58cbafc2]" started-at="2023-02-23T01:02:35 IST" name="CreateLead" data-provider="FetchData" finished-at="2023-02-23T01:02:39 IST" duration-ms="4341" status="PASS">
          <params>
            <param index="0">
              <value>
                <![CDATA[TestLeaf]]>
              </value>
            </param>
            <param index="1">
              <value>
                <![CDATA[Haja]]>
              </value>
            </param>
            <param index="2">
              <value>
                <![CDATA[J]]>
              </value>
            </param>
          </params>
          <reporter-output>
          </reporter-output>
        </test-method> <!-- CreateLead -->
        <test-method is-config="true" signature="closeBrowser()[pri:0, instance:week2day1.CreateLead@58cbafc2]" started-at="2023-02-23T01:02:39 IST" name="closeBrowser" finished-at="2023-02-23T01:02:39 IST" duration-ms="118" status="PASS">
          <reporter-output>
          </reporter-output>
        </test-method> <!-- closeBrowser -->
        <test-method is-config="true" signature="launchURL()[pri:0, instance:week2day1.CreateLead@58cbafc2]" started-at="2023-02-23T01:02:39 IST" name="launchURL" finished-at="2023-02-23T01:02:41 IST" duration-ms="1617" status="PASS">
          <reporter-output>
          </reporter-output>
        </test-method> <!-- launchURL -->
        <test-method signature="CreateLead(java.lang.String,java.lang.String,java.lang.String)[pri:0, instance:week2day1.CreateLead@58cbafc2]" started-at="2023-02-23T01:02:41 IST" name="CreateLead" data-provider="FetchData" finished-at="2023-02-23T01:02:44 IST" duration-ms="3569" status="PASS">
          <params>
            <param index="0">
              <value>
                <![CDATA[QEagle]]>
              </value>
            </param>
            <param index="1">
              <value>
                <![CDATA[Hari]]>
              </value>
            </param>
            <param index="2">
              <value>
                <![CDATA[R]]>
              </value>
            </param>
          </params>
          <reporter-output>
          </reporter-output>
        </test-method> <!-- CreateLead -->
        <test-method is-config="true" signature="closeBrowser()[pri:0, instance:week2day1.CreateLead@58cbafc2]" started-at="2023-02-23T01:02:44 IST" name="closeBrowser" finished-at="2023-02-23T01:02:44 IST" duration-ms="128" status="PASS">
          <reporter-output>
          </reporter-output>
        </test-method> <!-- closeBrowser -->
        <test-method is-config="true" signature="launchURL()[pri:0, instance:week2day1.CreateLead@58cbafc2]" started-at="2023-02-23T01:02:44 IST" name="launchURL" finished-at="2023-02-23T01:02:46 IST" duration-ms="1459" status="PASS">
          <reporter-output>
          </reporter-output>
        </test-method> <!-- launchURL -->
        <test-method signature="CreateLead(java.lang.String,java.lang.String,java.lang.String)[pri:0, instance:week2day1.CreateLead@58cbafc2]" started-at="2023-02-23T01:02:46 IST" name="CreateLead" data-provider="FetchData" finished-at="2023-02-23T01:02:49 IST" duration-ms="3283" status="PASS">
          <params>
            <param index="0">
              <value>
                <![CDATA[testing]]>
              </value>
            </param>
            <param index="1">
              <value>
                <![CDATA[data]]>
              </value>
            </param>
            <param index="2">
              <value>
                <![CDATA[S]]>
              </value>
            </param>
          </params>
          <reporter-output>
          </reporter-output>
        </test-method> <!-- CreateLead -->
        <test-method is-config="true" signature="closeBrowser()[pri:0, instance:week2day1.CreateLead@58cbafc2]" started-at="2023-02-23T01:02:49 IST" name="closeBrowser" finished-at="2023-02-23T01:02:49 IST" duration-ms="91" status="PASS">
          <reporter-output>
          </reporter-output>
        </test-method> <!-- closeBrowser -->
      </class> <!-- week2day1.CreateLead -->
    </test> <!-- ParallelTest -->
  </suite> <!-- ParallelSuite -->
</testng-results>
