<?xml version="1.0" encoding="UTF-8"?>
<!-- Generated by org.testng.reporters.JUnitXMLReporter -->
<testsuite ignored="1" hostname="LAPTOP-T196F861" failures="0" tests="2" name="Test" time="24.128" errors="0" timestamp="2023-02-18T18:08:54 IST">
  <testcase classname="week2day1.DeleteLead" name="main" time="10.242"/>
  <testcase classname="week2day1.CreateLead" name="CreateLead" time="7.514"/>
  <testcase classname="week2day1.BaseClass" name="@AfterTest closeBrowser" time="0.0">
    <ignored/>
  </testcase> <!-- @AfterTest closeBrowser -->
</testsuite> <!-- Test -->
